TN:
SF:C:\Users\win\Desktop\joy-demo\nat\src\components\icon.vue
FN:19,(anonymous_0)
FNF:1
FNH:1
FNDA:6,(anonymous_0)
LF:0
LH:0
BRF:0
BRH:0
end_of_record
TN:
SF:C:\Users\win\Desktop\joy-demo\nat\src\components\button.vue
FN:40,(anonymous_0)
FN:51,(anonymous_1)
FN:66,(anonymous_2)
FN:72,(anonymous_3)
FNF:4
FNH:4
FNDA:7,(anonymous_0)
FNDA:7,(anonymous_1)
FNDA:2,(anonymous_2)
FNDA:7,(anonymous_3)
DA:41,7
DA:52,7
DA:58,7
DA:67,2
DA:68,1
LF:5
LH:5
BRDA:41,0,0,7
BRDA:41,0,1,1
BRDA:67,1,0,1
BRDA:67,1,1,1
BRF:4
BRH:4
end_of_record
TN:
SF:C:\Users\win\Desktop\joy-demo\nat\tests\button.spec.js
FN:8,(anonymous_0)
FN:9,(anonymous_1)
FN:12,(anonymous_2)
FN:21,(anonymous_3)
FN:33,(anonymous_4)
FN:44,(anonymous_5)
FN:56,(anonymous_6)
FN:69,(anonymous_7)
FN:81,(anonymous_8)
FNF:9
FNH:9
FNDA:1,(anonymous_0)
FNDA:1,(anonymous_1)
FNDA:1,(anonymous_2)
FNDA:1,(anonymous_3)
FNDA:1,(anonymous_4)
FNDA:1,(anonymous_5)
FNDA:1,(anonymous_6)
FNDA:1,(anonymous_7)
FNDA:1,(anonymous_8)
DA:6,1
DA:8,1
DA:9,1
DA:10,1
DA:12,1
DA:13,1
DA:18,1
DA:19,1
DA:21,1
DA:22,1
DA:28,1
DA:29,1
DA:30,1
DA:31,1
DA:33,1
DA:34,1
DA:40,1
DA:41,1
DA:42,1
DA:44,1
DA:45,1
DA:52,1
DA:53,1
DA:54,1
DA:56,1
DA:57,1
DA:62,1
DA:63,1
DA:64,1
DA:65,1
DA:66,1
DA:69,1
DA:70,1
DA:75,1
DA:76,1
DA:77,1
DA:78,1
DA:79,1
DA:81,1
DA:82,1
DA:87,1
DA:88,1
LF:42
LH:42
BRF:0
BRH:0
end_of_record
TN:
SF:C:\Users\win\Desktop\joy-demo\nat\src\components\input.vue
FN:23,(anonymous_0)
FN:32,(anonymous_1)
FN:62,(anonymous_2)
FN:70,(anonymous_3)
FN:76,(anonymous_4)
FN:79,(anonymous_5)
FN:83,(anonymous_6)
FN:93,(anonymous_7)
FNF:8
FNH:6
FNDA:3,(anonymous_0)
FNDA:3,(anonymous_1)
FNDA:3,(anonymous_2)
FNDA:3,(anonymous_3)
FNDA:1,(anonymous_4)
FNDA:0,(anonymous_5)
FNDA:0,(anonymous_6)
FNDA:3,(anonymous_7)
DA:24,3
DA:29,3
DA:33,3
DA:63,3
DA:64,3
DA:71,3
DA:77,1
DA:81,0
DA:84,0
DA:85,0
DA:86,0
DA:87,0
DA:88,0
DA:89,0
DA:94,3
LF:15
LH:8
BRDA:71,0,0,3
BRDA:71,0,1,3
BRDA:84,1,0,0
BRDA:84,1,1,0
BRDA:87,2,0,0
BRDA:87,2,1,0
BRF:6
BRH:2
end_of_record
TN:
SF:C:\Users\win\Desktop\joy-demo\nat\tests\input.spec.js
FN:10,(anonymous_0)
FN:11,(anonymous_1)
FN:14,(anonymous_2)
FN:23,(anonymous_3)
FN:33,(anonymous_4)
FNF:5
FNH:5
FNDA:1,(anonymous_0)
FNDA:1,(anonymous_1)
FNDA:1,(anonymous_2)
FNDA:1,(anonymous_3)
FNDA:1,(anonymous_4)
DA:6,1
DA:10,1
DA:11,1
DA:12,1
DA:14,1
DA:15,1
DA:20,1
DA:21,1
DA:23,1
DA:24,1
DA:30,1
DA:31,1
DA:33,1
DA:34,1
DA:35,1
DA:36,1
DA:37,1
LF:17
LH:17
BRF:0
BRH:0
end_of_record
